<?xml version="1.0" encoding="UTF-8"?>
<coverage generated="1578242488234" clover="3.2.0">
  <project timestamp="1578242488234" name="All files">
    <metrics statements="33" coveredstatements="33" conditionals="20" coveredconditionals="20" methods="14" coveredmethods="14" elements="67" coveredelements="67" complexity="0" loc="33" ncloc="33" packages="2" files="2" classes="2"/>
    <package name="result">
      <metrics statements="13" coveredstatements="13" conditionals="4" coveredconditionals="4" methods="5" coveredmethods="5"/>
      <file name="result.ts" path="/Users/acd/Projects/utils/src/result/result.ts">
        <metrics statements="13" coveredstatements="13" conditionals="4" coveredconditionals="4" methods="5" coveredmethods="5"/>
        <line num="23" count="1" type="stmt"/>
        <line num="24" count="1" type="stmt"/>
        <line num="27" count="1" type="stmt"/>
        <line num="28" count="1" type="stmt"/>
        <line num="32" count="2" type="stmt"/>
        <line num="34" count="1" type="stmt"/>
        <line num="36" count="1" type="stmt"/>
        <line num="64" count="1" type="stmt"/>
        <line num="65" count="2" type="stmt"/>
        <line num="68" count="2" type="cond" truecount="2" falsecount="0"/>
        <line num="69" count="1" type="stmt"/>
        <line num="72" count="2" type="stmt"/>
        <line num="74" count="2" type="stmt"/>
      </file>
    </package>
    <package name="when">
      <metrics statements="20" coveredstatements="20" conditionals="16" coveredconditionals="16" methods="9" coveredmethods="9"/>
      <file name="when.ts" path="/Users/acd/Projects/utils/src/when/when.ts">
        <metrics statements="20" coveredstatements="20" conditionals="16" coveredconditionals="16" methods="9" coveredmethods="9"/>
        <line num="40" count="1" type="stmt"/>
        <line num="41" count="62" type="stmt"/>
        <line num="44" count="52" type="cond" truecount="2" falsecount="0"/>
        <line num="48" count="29" type="cond" truecount="2" falsecount="0"/>
        <line num="49" count="18" type="stmt"/>
        <line num="53" count="13" type="cond" truecount="4" falsecount="0"/>
        <line num="54" count="8" type="stmt"/>
        <line num="58" count="3" type="cond" truecount="2" falsecount="0"/>
        <line num="59" count="1" type="stmt"/>
        <line num="63" count="7" type="cond" truecount="2" falsecount="0"/>
        <line num="64" count="3" type="stmt"/>
        <line num="68" count="10" type="stmt"/>
        <line num="71" count="62" type="stmt"/>
        <line num="72" count="62" type="stmt"/>
        <line num="73" count="62" type="stmt"/>
        <line num="74" count="62" type="stmt"/>
        <line num="75" count="62" type="stmt"/>
        <line num="77" count="62" type="stmt"/>
        <line num="171" count="1" type="stmt"/>
        <line num="172" count="14" type="cond" truecount="2" falsecount="0"/>
      </file>
    </package>
  </project>
</coverage>
