{"/Users/acd/Projects/utils/src/result/result.ts": {"path":"/Users/acd/Projects/utils/src/result/result.ts","statementMap":{"0":{"start":{"line":24,"column":2},"end":{"line":24,"column":null}},"1":{"start":{"line":23,"column":0},"end":{"line":23,"column":16}},"2":{"start":{"line":28,"column":2},"end":{"line":28,"column":null}},"3":{"start":{"line":27,"column":0},"end":{"line":27,"column":16}},"4":{"start":{"line":32,"column":2},"end":{"line":37,"column":null}},"5":{"start":{"line":34,"column":6},"end":{"line":34,"column":null}},"6":{"start":{"line":36,"column":6},"end":{"line":36,"column":null}},"7":{"start":{"line":65,"column":15},"end":{"line":65,"column":36}},"8":{"start":{"line":68,"column":4},"end":{"line":68,"column":null}},"9":{"start":{"line":68,"column":18},"end":{"line":68,"column":null}},"10":{"start":{"line":69,"column":4},"end":{"line":69,"column":null}},"11":{"start":{"line":72,"column":2},"end":{"line":72,"column":null}},"12":{"start":{"line":74,"column":2},"end":{"line":74,"column":null}},"13":{"start":{"line":64,"column":0},"end":{"line":64,"column":16}}},"fnMap":{"0":{"name":"err","decl":{"start":{"line":23,"column":16},"end":{"line":23,"column":19}},"loc":{"start":{"line":23,"column":46},"end":{"line":25,"column":1}}},"1":{"name":"ok","decl":{"start":{"line":27,"column":16},"end":{"line":27,"column":18}},"loc":{"start":{"line":27,"column":45},"end":{"line":29,"column":1}}},"2":{"name":"isErr","decl":{"start":{"line":31,"column":9},"end":{"line":31,"column":14}},"loc":{"start":{"line":31,"column":36},"end":{"line":38,"column":1}}},"3":{"name":"result","decl":{"start":{"line":64,"column":16},"end":{"line":64,"column":22}},"loc":{"start":{"line":64,"column":44},"end":{"line":75,"column":1}}},"4":{"name":"fold","decl":{"start":{"line":67,"column":11},"end":{"line":67,"column":15}},"loc":{"start":{"line":67,"column":61},"end":{"line":70,"column":3}}}},"branchMap":{"0":{"loc":{"start":{"line":33,"column":4},"end":{"line":34,"column":null}},"type":"switch","locations":[{"start":{"line":33,"column":4},"end":{"line":34,"column":null}},{"start":{"line":35,"column":4},"end":{"line":36,"column":null}}]},"1":{"loc":{"start":{"line":68,"column":4},"end":{"line":68,"column":null}},"type":"if","locations":[{"start":{"line":68,"column":4},"end":{"line":68,"column":null}},{"start":{"line":68,"column":4},"end":{"line":68,"column":null}}]}},"s":{"0":1,"1":1,"2":1,"3":1,"4":2,"5":1,"6":1,"7":2,"8":2,"9":1,"10":1,"11":2,"12":2,"13":1},"f":{"0":1,"1":1,"2":2,"3":2,"4":2},"b":{"0":[1,1],"1":[1,1]}}
,"/Users/acd/Projects/utils/src/when/when.ts": {"path":"/Users/acd/Projects/utils/src/when/when.ts","statementMap":{"0":{"start":{"line":41,"column":15},"end":{"line":41,"column":27}},"1":{"start":{"line":44,"column":4},"end":{"line":44,"column":null}},"2":{"start":{"line":48,"column":4},"end":{"line":48,"column":null}},"3":{"start":{"line":48,"column":19},"end":{"line":48,"column":null}},"4":{"start":{"line":49,"column":4},"end":{"line":49,"column":null}},"5":{"start":{"line":53,"column":4},"end":{"line":53,"column":null}},"6":{"start":{"line":53,"column":47},"end":{"line":53,"column":null}},"7":{"start":{"line":54,"column":4},"end":{"line":54,"column":null}},"8":{"start":{"line":58,"column":4},"end":{"line":58,"column":null}},"9":{"start":{"line":58,"column":19},"end":{"line":58,"column":null}},"10":{"start":{"line":59,"column":4},"end":{"line":59,"column":null}},"11":{"start":{"line":63,"column":4},"end":{"line":63,"column":null}},"12":{"start":{"line":63,"column":19},"end":{"line":63,"column":null}},"13":{"start":{"line":64,"column":4},"end":{"line":64,"column":null}},"14":{"start":{"line":68,"column":4},"end":{"line":68,"column":null}},"15":{"start":{"line":71,"column":2},"end":{"line":71,"column":null}},"16":{"start":{"line":72,"column":2},"end":{"line":72,"column":null}},"17":{"start":{"line":73,"column":2},"end":{"line":73,"column":null}},"18":{"start":{"line":74,"column":2},"end":{"line":74,"column":null}},"19":{"start":{"line":75,"column":2},"end":{"line":75,"column":null}},"20":{"start":{"line":77,"column":2},"end":{"line":77,"column":null}},"21":{"start":{"line":40,"column":0},"end":{"line":40,"column":16}},"22":{"start":{"line":172,"column":2},"end":{"line":174,"column":null}},"23":{"start":{"line":172,"column":23},"end":{"line":172,"column":53}},"24":{"start":{"line":171,"column":0},"end":{"line":171,"column":16}}},"fnMap":{"0":{"name":"when","decl":{"start":{"line":40,"column":16},"end":{"line":40,"column":20}},"loc":{"start":{"line":40,"column":28},"end":{"line":78,"column":1}}},"1":{"name":"isNone","decl":{"start":{"line":43,"column":11},"end":{"line":43,"column":17}},"loc":{"start":{"line":43,"column":22},"end":{"line":45,"column":3}}},"2":{"name":"map","decl":{"start":{"line":47,"column":11},"end":{"line":47,"column":14}},"loc":{"start":{"line":47,"column":48},"end":{"line":50,"column":3}}},"3":{"name":"filter","decl":{"start":{"line":52,"column":11},"end":{"line":52,"column":17}},"loc":{"start":{"line":52,"column":54},"end":{"line":55,"column":3}}},"4":{"name":"getOrElse","decl":{"start":{"line":57,"column":11},"end":{"line":57,"column":20}},"loc":{"start":{"line":57,"column":38},"end":{"line":60,"column":3}}},"5":{"name":"fold","decl":{"start":{"line":62,"column":11},"end":{"line":62,"column":15}},"loc":{"start":{"line":62,"column":68},"end":{"line":65,"column":3}}},"6":{"name":"get","decl":{"start":{"line":67,"column":11},"end":{"line":67,"column":14}},"loc":{"start":{"line":67,"column":14},"end":{"line":69,"column":3}}},"7":{"name":"whenAll","decl":{"start":{"line":171,"column":16},"end":{"line":171,"column":23}},"loc":{"start":{"line":171,"column":34},"end":{"line":175,"column":1}}},"8":{"name":"(anonymous_8)","decl":{"start":{"line":172,"column":18},"end":{"line":172,"column":19}},"loc":{"start":{"line":172,"column":19},"end":{"line":172,"column":24}}}},"branchMap":{"0":{"loc":{"start":{"line":44,"column":11},"end":{"line":44,"column":26}},"type":"binary-expr","locations":[{"start":{"line":44,"column":11},"end":{"line":44,"column":26}},{"start":{"line":44,"column":30},"end":{"line":44,"column":40}}]},"1":{"loc":{"start":{"line":48,"column":4},"end":{"line":48,"column":null}},"type":"if","locations":[{"start":{"line":48,"column":4},"end":{"line":48,"column":null}},{"start":{"line":48,"column":4},"end":{"line":48,"column":null}}]},"2":{"loc":{"start":{"line":53,"column":4},"end":{"line":53,"column":null}},"type":"if","locations":[{"start":{"line":53,"column":4},"end":{"line":53,"column":null}},{"start":{"line":53,"column":4},"end":{"line":53,"column":null}}]},"3":{"loc":{"start":{"line":53,"column":8},"end":{"line":53,"column":18}},"type":"binary-expr","locations":[{"start":{"line":53,"column":8},"end":{"line":53,"column":18}},{"start":{"line":53,"column":22},"end":{"line":53,"column":45}}]},"4":{"loc":{"start":{"line":58,"column":4},"end":{"line":58,"column":null}},"type":"if","locations":[{"start":{"line":58,"column":4},"end":{"line":58,"column":null}},{"start":{"line":58,"column":4},"end":{"line":58,"column":null}}]},"5":{"loc":{"start":{"line":63,"column":4},"end":{"line":63,"column":null}},"type":"if","locations":[{"start":{"line":63,"column":4},"end":{"line":63,"column":null}},{"start":{"line":63,"column":4},"end":{"line":63,"column":null}}]},"6":{"loc":{"start":{"line":173,"column":6},"end":{"line":173,"column":35}},"type":"cond-expr","locations":[{"start":{"line":173,"column":6},"end":{"line":173,"column":35}},{"start":{"line":174,"column":6},"end":{"line":174,"column":42}}]},"7":{"loc":{"start":{"line":172,"column":23},"end":{"line":172,"column":38}},"type":"binary-expr","locations":[{"start":{"line":172,"column":23},"end":{"line":172,"column":38}},{"start":{"line":172,"column":42},"end":{"line":172,"column":52}}]}},"s":{"0":62,"1":52,"2":29,"3":11,"4":18,"5":13,"6":5,"7":8,"8":3,"9":2,"10":1,"11":7,"12":4,"13":3,"14":10,"15":62,"16":62,"17":62,"18":62,"19":62,"20":62,"21":1,"22":4,"23":14,"24":1},"f":{"0":62,"1":52,"2":29,"3":13,"4":3,"5":7,"6":10,"7":4,"8":14},"b":{"0":[52,32],"1":[11,18],"2":[5,8],"3":[13,10],"4":[2,1],"5":[4,3],"6":[2,2],"7":[14,12]}}
}
