{"/Users/acd/Projects/utils/src/array/array.ts": {"path":"/Users/acd/Projects/utils/src/array/array.ts","statementMap":{"0":{"start":{"line":14,"column":2},"end":{"line":19,"column":null}},"1":{"start":{"line":15,"column":17},"end":{"line":15,"column":27}},"2":{"start":{"line":16,"column":4},"end":{"line":16,"column":null}},"3":{"start":{"line":18,"column":4},"end":{"line":18,"column":null}},"4":{"start":{"line":13,"column":0},"end":{"line":13,"column":16}},"5":{"start":{"line":29,"column":2},"end":{"line":32,"column":null}},"6":{"start":{"line":30,"column":4},"end":{"line":31,"column":null}},"7":{"start":{"line":30,"column":42},"end":{"line":30,"column":null}},"8":{"start":{"line":31,"column":9},"end":{"line":31,"column":null}},"9":{"start":{"line":28,"column":0},"end":{"line":28,"column":16}},"10":{"start":{"line":51,"column":2},"end":{"line":55,"column":null}},"11":{"start":{"line":52,"column":14},"end":{"line":52,"column":25}},"12":{"start":{"line":54,"column":4},"end":{"line":54,"column":null}},"13":{"start":{"line":54,"column":26},"end":{"line":54,"column":36}},"14":{"start":{"line":50,"column":0},"end":{"line":50,"column":16}},"15":{"start":{"line":77,"column":2},"end":{"line":81,"column":null}},"16":{"start":{"line":78,"column":14},"end":{"line":78,"column":32}},"17":{"start":{"line":80,"column":4},"end":{"line":80,"column":null}},"18":{"start":{"line":80,"column":26},"end":{"line":80,"column":39}},"19":{"start":{"line":76,"column":0},"end":{"line":76,"column":16}},"20":{"start":{"line":97,"column":2},"end":{"line":97,"column":null}},"21":{"start":{"line":97,"column":25},"end":{"line":97,"column":null}},"22":{"start":{"line":96,"column":0},"end":{"line":96,"column":16}},"23":{"start":{"line":113,"column":2},"end":{"line":113,"column":null}},"24":{"start":{"line":113,"column":25},"end":{"line":113,"column":null}},"25":{"start":{"line":112,"column":0},"end":{"line":112,"column":16}},"26":{"start":{"line":122,"column":2},"end":{"line":122,"column":null}},"27":{"start":{"line":121,"column":0},"end":{"line":121,"column":16}},"28":{"start":{"line":142,"column":2},"end":{"line":146,"column":null}},"29":{"start":{"line":143,"column":4},"end":{"line":146,"column":null}},"30":{"start":{"line":144,"column":24},"end":{"line":144,"column":45}},"31":{"start":{"line":144,"column":45},"end":{"line":144,"column":null}},"32":{"start":{"line":141,"column":0},"end":{"line":141,"column":16}},"33":{"start":{"line":155,"column":2},"end":{"line":155,"column":null}},"34":{"start":{"line":154,"column":0},"end":{"line":154,"column":16}},"35":{"start":{"line":174,"column":2},"end":{"line":178,"column":null}},"36":{"start":{"line":175,"column":14},"end":{"line":175,"column":25}},"37":{"start":{"line":177,"column":4},"end":{"line":177,"column":null}},"38":{"start":{"line":177,"column":26},"end":{"line":177,"column":35}},"39":{"start":{"line":173,"column":0},"end":{"line":173,"column":16}},"40":{"start":{"line":202,"column":2},"end":{"line":206,"column":null}},"41":{"start":{"line":203,"column":14},"end":{"line":203,"column":32}},"42":{"start":{"line":205,"column":4},"end":{"line":205,"column":null}},"43":{"start":{"line":205,"column":26},"end":{"line":205,"column":38}},"44":{"start":{"line":198,"column":0},"end":{"line":198,"column":16}},"45":{"start":{"line":215,"column":2},"end":{"line":215,"column":null}},"46":{"start":{"line":214,"column":0},"end":{"line":214,"column":16}},"47":{"start":{"line":235,"column":2},"end":{"line":235,"column":null}},"48":{"start":{"line":235,"column":24},"end":{"line":235,"column":null}},"49":{"start":{"line":234,"column":0},"end":{"line":234,"column":16}},"50":{"start":{"line":251,"column":2},"end":{"line":256,"column":null}},"51":{"start":{"line":252,"column":17},"end":{"line":252,"column":27}},"52":{"start":{"line":253,"column":4},"end":{"line":253,"column":null}},"53":{"start":{"line":255,"column":4},"end":{"line":255,"column":null}},"54":{"start":{"line":250,"column":0},"end":{"line":250,"column":16}},"55":{"start":{"line":273,"column":2},"end":{"line":273,"column":null}},"56":{"start":{"line":273,"column":22},"end":{"line":273,"column":null}},"57":{"start":{"line":272,"column":0},"end":{"line":272,"column":16}},"58":{"start":{"line":288,"column":2},"end":{"line":288,"column":null}},"59":{"start":{"line":288,"column":28},"end":{"line":288,"column":null}},"60":{"start":{"line":289,"column":2},"end":{"line":289,"column":null}},"61":{"start":{"line":289,"column":51},"end":{"line":289,"column":53}},"62":{"start":{"line":287,"column":0},"end":{"line":287,"column":16}},"63":{"start":{"line":310,"column":2},"end":{"line":323,"column":null}},"64":{"start":{"line":311,"column":15},"end":{"line":311,"column":25}},"65":{"start":{"line":313,"column":4},"end":{"line":322,"column":null}},"66":{"start":{"line":314,"column":6},"end":{"line":319,"column":null}},"67":{"start":{"line":314,"column":19},"end":{"line":314,"column":20}},"68":{"start":{"line":315,"column":14},"end":{"line":315,"column":16}},"69":{"start":{"line":315,"column":16},"end":{"line":315,"column":18}},"70":{"start":{"line":315,"column":20},"end":{"line":315,"column":35}},"71":{"start":{"line":317,"column":8},"end":{"line":317,"column":null}},"72":{"start":{"line":317,"column":27},"end":{"line":317,"column":null}},"73":{"start":{"line":318,"column":8},"end":{"line":318,"column":null}},"74":{"start":{"line":318,"column":27},"end":{"line":318,"column":null}},"75":{"start":{"line":321,"column":6},"end":{"line":321,"column":null}},"76":{"start":{"line":309,"column":0},"end":{"line":309,"column":16}},"77":{"start":{"line":339,"column":2},"end":{"line":339,"column":null}},"78":{"start":{"line":339,"column":25},"end":{"line":339,"column":null}},"79":{"start":{"line":338,"column":0},"end":{"line":338,"column":16}},"80":{"start":{"line":355,"column":2},"end":{"line":355,"column":null}},"81":{"start":{"line":355,"column":25},"end":{"line":355,"column":null}},"82":{"start":{"line":354,"column":0},"end":{"line":354,"column":16}},"83":{"start":{"line":364,"column":2},"end":{"line":364,"column":null}},"84":{"start":{"line":363,"column":0},"end":{"line":363,"column":16}},"85":{"start":{"line":381,"column":2},"end":{"line":394,"column":null}},"86":{"start":{"line":382,"column":15},"end":{"line":382,"column":17}},"87":{"start":{"line":384,"column":38},"end":{"line":384,"column":40}},"88":{"start":{"line":385,"column":4},"end":{"line":391,"column":null}},"89":{"start":{"line":385,"column":17},"end":{"line":385,"column":18}},"90":{"start":{"line":386,"column":33},"end":{"line":386,"column":47}},"91":{"start":{"line":387,"column":6},"end":{"line":390,"column":null}},"92":{"start":{"line":388,"column":8},"end":{"line":388,"column":null}},"93":{"start":{"line":389,"column":8},"end":{"line":389,"column":null}},"94":{"start":{"line":393,"column":4},"end":{"line":393,"column":null}},"95":{"start":{"line":380,"column":0},"end":{"line":380,"column":16}},"96":{"start":{"line":414,"column":2},"end":{"line":421,"column":null}},"97":{"start":{"line":415,"column":16},"end":{"line":415,"column":18}},"98":{"start":{"line":416,"column":19},"end":{"line":416,"column":47}},"99":{"start":{"line":417,"column":4},"end":{"line":419,"column":null}},"100":{"start":{"line":417,"column":17},"end":{"line":417,"column":18}},"101":{"start":{"line":418,"column":6},"end":{"line":418,"column":null}},"102":{"start":{"line":420,"column":4},"end":{"line":420,"column":null}},"103":{"start":{"line":413,"column":0},"end":{"line":413,"column":16}}},"fnMap":{"0":{"name":"append","decl":{"start":{"line":13,"column":16},"end":{"line":13,"column":22}},"loc":{"start":{"line":13,"column":30},"end":{"line":20,"column":1}}},"1":{"name":"(anonymous_1)","decl":{"start":{"line":14,"column":9},"end":{"line":14,"column":10}},"loc":{"start":{"line":14,"column":17},"end":{"line":19,"column":3}}},"2":{"name":"compact","decl":{"start":{"line":28,"column":16},"end":{"line":28,"column":23}},"loc":{"start":{"line":28,"column":68},"end":{"line":33,"column":1}}},"3":{"name":"(anonymous_3)","decl":{"start":{"line":29,"column":19},"end":{"line":29,"column":20}},"loc":{"start":{"line":29,"column":20},"end":{"line":32,"column":3}}},"4":{"name":"difference","decl":{"start":{"line":50,"column":16},"end":{"line":50,"column":26}},"loc":{"start":{"line":50,"column":37},"end":{"line":56,"column":1}}},"5":{"name":"(anonymous_5)","decl":{"start":{"line":51,"column":9},"end":{"line":51,"column":11}},"loc":{"start":{"line":51,"column":11},"end":{"line":55,"column":3}}},"6":{"name":"(anonymous_6)","decl":{"start":{"line":54,"column":21},"end":{"line":54,"column":22}},"loc":{"start":{"line":54,"column":22},"end":{"line":54,"column":27}}},"7":{"name":"differenceBy","decl":{"start":{"line":76,"column":16},"end":{"line":76,"column":28}},"loc":{"start":{"line":76,"column":69},"end":{"line":82,"column":1}}},"8":{"name":"(anonymous_8)","decl":{"start":{"line":77,"column":9},"end":{"line":77,"column":11}},"loc":{"start":{"line":77,"column":11},"end":{"line":81,"column":3}}},"9":{"name":"(anonymous_9)","decl":{"start":{"line":80,"column":21},"end":{"line":80,"column":22}},"loc":{"start":{"line":80,"column":22},"end":{"line":80,"column":27}}},"10":{"name":"drop","decl":{"start":{"line":96,"column":16},"end":{"line":96,"column":20}},"loc":{"start":{"line":96,"column":30},"end":{"line":98,"column":1}}},"11":{"name":"(anonymous_11)","decl":{"start":{"line":97,"column":9},"end":{"line":97,"column":13}},"loc":{"start":{"line":97,"column":20},"end":{"line":97,"column":26}}},"12":{"name":"dropRight","decl":{"start":{"line":112,"column":16},"end":{"line":112,"column":25}},"loc":{"start":{"line":112,"column":35},"end":{"line":114,"column":1}}},"13":{"name":"(anonymous_13)","decl":{"start":{"line":113,"column":9},"end":{"line":113,"column":13}},"loc":{"start":{"line":113,"column":20},"end":{"line":113,"column":26}}},"14":{"name":"flatten","decl":{"start":{"line":121,"column":16},"end":{"line":121,"column":23}},"loc":{"start":{"line":121,"column":50},"end":{"line":123,"column":1}}},"15":{"name":"groupBy","decl":{"start":{"line":141,"column":16},"end":{"line":141,"column":23}},"loc":{"start":{"line":141,"column":61},"end":{"line":147,"column":1}}},"16":{"name":"(anonymous_16)","decl":{"start":{"line":142,"column":9},"end":{"line":142,"column":10}},"loc":{"start":{"line":142,"column":17},"end":{"line":143,"column":6}}},"17":{"name":"(anonymous_17)","decl":{"start":{"line":144,"column":6},"end":{"line":144,"column":7}},"loc":{"start":{"line":144,"column":40},"end":{"line":144,"column":46}}},"18":{"name":"head","decl":{"start":{"line":154,"column":16},"end":{"line":154,"column":20}},"loc":{"start":{"line":154,"column":31},"end":{"line":156,"column":1}}},"19":{"name":"intersection","decl":{"start":{"line":173,"column":16},"end":{"line":173,"column":28}},"loc":{"start":{"line":173,"column":39},"end":{"line":179,"column":1}}},"20":{"name":"(anonymous_20)","decl":{"start":{"line":174,"column":9},"end":{"line":174,"column":11}},"loc":{"start":{"line":174,"column":11},"end":{"line":178,"column":3}}},"21":{"name":"(anonymous_21)","decl":{"start":{"line":177,"column":21},"end":{"line":177,"column":22}},"loc":{"start":{"line":177,"column":22},"end":{"line":177,"column":27}}},"22":{"name":"intersectionBy","decl":{"start":{"line":198,"column":16},"end":{"line":198,"column":30}},"loc":{"start":{"line":200,"column":9},"end":{"line":207,"column":1}}},"23":{"name":"(anonymous_23)","decl":{"start":{"line":202,"column":9},"end":{"line":202,"column":11}},"loc":{"start":{"line":202,"column":11},"end":{"line":206,"column":3}}},"24":{"name":"(anonymous_24)","decl":{"start":{"line":205,"column":21},"end":{"line":205,"column":22}},"loc":{"start":{"line":205,"column":22},"end":{"line":205,"column":27}}},"25":{"name":"last","decl":{"start":{"line":214,"column":16},"end":{"line":214,"column":20}},"loc":{"start":{"line":214,"column":31},"end":{"line":216,"column":1}}},"26":{"name":"nestedMap","decl":{"start":{"line":234,"column":16},"end":{"line":234,"column":25}},"loc":{"start":{"line":234,"column":46},"end":{"line":236,"column":1}}},"27":{"name":"(anonymous_27)","decl":{"start":{"line":235,"column":9},"end":{"line":235,"column":10}},"loc":{"start":{"line":235,"column":19},"end":{"line":235,"column":29}}},"28":{"name":"prepend","decl":{"start":{"line":250,"column":16},"end":{"line":250,"column":23}},"loc":{"start":{"line":250,"column":31},"end":{"line":257,"column":1}}},"29":{"name":"(anonymous_29)","decl":{"start":{"line":251,"column":9},"end":{"line":251,"column":10}},"loc":{"start":{"line":251,"column":17},"end":{"line":256,"column":3}}},"30":{"name":"prependAll","decl":{"start":{"line":272,"column":16},"end":{"line":272,"column":26}},"loc":{"start":{"line":272,"column":37},"end":{"line":274,"column":1}}},"31":{"name":"(anonymous_31)","decl":{"start":{"line":273,"column":9},"end":{"line":273,"column":10}},"loc":{"start":{"line":273,"column":17},"end":{"line":273,"column":24}}},"32":{"name":"range","decl":{"start":{"line":287,"column":16},"end":{"line":287,"column":21}},"loc":{"start":{"line":287,"column":48},"end":{"line":290,"column":1}}},"33":{"name":"(anonymous_33)","decl":{"start":{"line":289,"column":41},"end":{"line":289,"column":42}},"loc":{"start":{"line":289,"column":46},"end":{"line":289,"column":52}}},"34":{"name":"sortBy","decl":{"start":{"line":309,"column":16},"end":{"line":309,"column":22}},"loc":{"start":{"line":309,"column":45},"end":{"line":324,"column":1}}},"35":{"name":"(anonymous_35)","decl":{"start":{"line":310,"column":9},"end":{"line":310,"column":10}},"loc":{"start":{"line":310,"column":17},"end":{"line":323,"column":3}}},"36":{"name":"(anonymous_36)","decl":{"start":{"line":313,"column":19},"end":{"line":313,"column":20}},"loc":{"start":{"line":313,"column":24},"end":{"line":322,"column":5}}},"37":{"name":"take","decl":{"start":{"line":338,"column":16},"end":{"line":338,"column":20}},"loc":{"start":{"line":338,"column":30},"end":{"line":340,"column":1}}},"38":{"name":"(anonymous_38)","decl":{"start":{"line":339,"column":9},"end":{"line":339,"column":13}},"loc":{"start":{"line":339,"column":20},"end":{"line":339,"column":26}}},"39":{"name":"takeRight","decl":{"start":{"line":354,"column":16},"end":{"line":354,"column":25}},"loc":{"start":{"line":354,"column":35},"end":{"line":356,"column":1}}},"40":{"name":"(anonymous_40)","decl":{"start":{"line":355,"column":9},"end":{"line":355,"column":13}},"loc":{"start":{"line":355,"column":20},"end":{"line":355,"column":26}}},"41":{"name":"uniq","decl":{"start":{"line":363,"column":16},"end":{"line":363,"column":20}},"loc":{"start":{"line":363,"column":31},"end":{"line":365,"column":1}}},"42":{"name":"uniqBy","decl":{"start":{"line":380,"column":16},"end":{"line":380,"column":22}},"loc":{"start":{"line":380,"column":60},"end":{"line":395,"column":1}}},"43":{"name":"(anonymous_43)","decl":{"start":{"line":381,"column":9},"end":{"line":381,"column":10}},"loc":{"start":{"line":381,"column":17},"end":{"line":394,"column":3}}},"44":{"name":"zipWih","decl":{"start":{"line":413,"column":16},"end":{"line":413,"column":22}},"loc":{"start":{"line":413,"column":52},"end":{"line":422,"column":1}}},"45":{"name":"(anonymous_45)","decl":{"start":{"line":414,"column":9},"end":{"line":414,"column":10}},"loc":{"start":{"line":414,"column":24},"end":{"line":421,"column":3}}}},"branchMap":{"0":{"loc":{"start":{"line":30,"column":4},"end":{"line":31,"column":null}},"type":"if","locations":[{"start":{"line":30,"column":4},"end":{"line":31,"column":null}},{"start":{"line":30,"column":4},"end":{"line":31,"column":null}}]},"1":{"loc":{"start":{"line":30,"column":8},"end":{"line":30,"column":29}},"type":"binary-expr","locations":[{"start":{"line":30,"column":8},"end":{"line":30,"column":29}},{"start":{"line":30,"column":33},"end":{"line":30,"column":40}}]},"2":{"loc":{"start":{"line":97,"column":34},"end":{"line":97,"column":36}},"type":"cond-expr","locations":[{"start":{"line":97,"column":34},"end":{"line":97,"column":36}},{"start":{"line":97,"column":39},"end":{"line":97,"column":50}}]},"3":{"loc":{"start":{"line":113,"column":34},"end":{"line":113,"column":36}},"type":"cond-expr","locations":[{"start":{"line":113,"column":34},"end":{"line":113,"column":36}},{"start":{"line":113,"column":39},"end":{"line":113,"column":54}}]},"4":{"loc":{"start":{"line":144,"column":24},"end":{"line":144,"column":45}},"type":"if","locations":[{"start":{"line":144,"column":24},"end":{"line":144,"column":45}},{"start":{"line":144,"column":24},"end":{"line":144,"column":45}}]},"5":{"loc":{"start":{"line":144,"column":47},"end":{"line":144,"column":53}},"type":"binary-expr","locations":[{"start":{"line":144,"column":47},"end":{"line":144,"column":53}},{"start":{"line":144,"column":58},"end":{"line":144,"column":69}}]},"6":{"loc":{"start":{"line":288,"column":2},"end":{"line":288,"column":null}},"type":"if","locations":[{"start":{"line":288,"column":2},"end":{"line":288,"column":null}},{"start":{"line":288,"column":2},"end":{"line":288,"column":null}}]},"7":{"loc":{"start":{"line":288,"column":6},"end":{"line":288,"column":15}},"type":"binary-expr","locations":[{"start":{"line":288,"column":6},"end":{"line":288,"column":15}},{"start":{"line":288,"column":19},"end":{"line":288,"column":26}}]},"8":{"loc":{"start":{"line":315,"column":20},"end":{"line":315,"column":35}},"type":"cond-expr","locations":[{"start":{"line":315,"column":20},"end":{"line":315,"column":35}},{"start":{"line":315,"column":20},"end":{"line":315,"column":35}}]},"9":{"loc":{"start":{"line":317,"column":8},"end":{"line":317,"column":null}},"type":"if","locations":[{"start":{"line":317,"column":8},"end":{"line":317,"column":null}},{"start":{"line":317,"column":8},"end":{"line":317,"column":null}}]},"10":{"loc":{"start":{"line":317,"column":44},"end":{"line":317,"column":45}},"type":"cond-expr","locations":[{"start":{"line":317,"column":44},"end":{"line":317,"column":45}},{"start":{"line":317,"column":48},"end":{"line":317,"column":50}}]},"11":{"loc":{"start":{"line":318,"column":8},"end":{"line":318,"column":null}},"type":"if","locations":[{"start":{"line":318,"column":8},"end":{"line":318,"column":null}},{"start":{"line":318,"column":8},"end":{"line":318,"column":null}}]},"12":{"loc":{"start":{"line":318,"column":44},"end":{"line":318,"column":46}},"type":"cond-expr","locations":[{"start":{"line":318,"column":44},"end":{"line":318,"column":46}},{"start":{"line":318,"column":49},"end":{"line":318,"column":50}}]},"13":{"loc":{"start":{"line":339,"column":34},"end":{"line":339,"column":36}},"type":"cond-expr","locations":[{"start":{"line":339,"column":34},"end":{"line":339,"column":36}},{"start":{"line":339,"column":39},"end":{"line":339,"column":53}}]},"14":{"loc":{"start":{"line":355,"column":51},"end":{"line":355,"column":53}},"type":"cond-expr","locations":[{"start":{"line":355,"column":51},"end":{"line":355,"column":53}},{"start":{"line":355,"column":56},"end":{"line":355,"column":79}}]},"15":{"loc":{"start":{"line":355,"column":26},"end":{"line":355,"column":31}},"type":"binary-expr","locations":[{"start":{"line":355,"column":26},"end":{"line":355,"column":31}},{"start":{"line":355,"column":35},"end":{"line":355,"column":48}}]},"16":{"loc":{"start":{"line":387,"column":6},"end":{"line":390,"column":null}},"type":"if","locations":[{"start":{"line":387,"column":6},"end":{"line":390,"column":null}},{"start":{"line":387,"column":6},"end":{"line":390,"column":null}}]}},"s":{"0":3,"1":3,"2":3,"3":3,"4":1,"5":3,"6":20,"7":1,"8":19,"9":1,"10":4,"11":4,"12":4,"13":21,"14":1,"15":4,"16":4,"17":4,"18":24,"19":1,"20":4,"21":4,"22":1,"23":4,"24":4,"25":1,"26":3,"27":1,"28":3,"29":3,"30":28,"31":14,"32":1,"33":2,"34":1,"35":4,"36":4,"37":4,"38":21,"39":1,"40":4,"41":4,"42":4,"43":24,"44":1,"45":2,"46":1,"47":5,"48":5,"49":1,"50":3,"51":3,"52":3,"53":3,"54":1,"55":3,"56":3,"57":1,"58":14,"59":5,"60":9,"61":32,"62":1,"63":3,"64":3,"65":3,"66":42,"67":42,"68":43,"69":43,"70":86,"71":43,"72":20,"73":23,"74":22,"75":0,"76":1,"77":4,"78":4,"79":1,"80":4,"81":4,"82":1,"83":4,"84":1,"85":3,"86":3,"87":3,"88":3,"89":3,"90":14,"91":14,"92":8,"93":8,"94":3,"95":1,"96":3,"97":3,"98":3,"99":3,"100":3,"101":8,"102":3,"103":1},"f":{"0":3,"1":3,"2":3,"3":20,"4":4,"5":4,"6":21,"7":4,"8":4,"9":24,"10":4,"11":4,"12":4,"13":4,"14":3,"15":3,"16":3,"17":14,"18":2,"19":4,"20":4,"21":21,"22":4,"23":4,"24":24,"25":2,"26":5,"27":5,"28":3,"29":3,"30":3,"31":3,"32":14,"33":32,"34":3,"35":3,"36":42,"37":4,"38":4,"39":4,"40":4,"41":4,"42":3,"43":3,"44":3,"45":3},"b":{"0":[1,19],"1":[20,9],"2":[1,3],"3":[2,2],"4":[14,0],"5":[14,13],"6":[5,9],"7":[14,11],"8":[35,8],"9":[20,23],"10":[0,20],"11":[22,1],"12":[8,14],"13":[1,3],"14":[2,2],"15":[4,3],"16":[8,6]}}
,"/Users/acd/Projects/utils/src/array/crudArrayMethods.ts": {"path":"/Users/acd/Projects/utils/src/array/crudArrayMethods.ts","statementMap":{"0":{"start":{"line":9,"column":2},"end":{"line":15,"column":null}},"1":{"start":{"line":10,"column":4},"end":{"line":10,"column":null}},"2":{"start":{"line":10,"column":20},"end":{"line":10,"column":null}},"3":{"start":{"line":12,"column":14},"end":{"line":12,"column":32}},"4":{"start":{"line":13,"column":14},"end":{"line":13,"column":33}},"5":{"start":{"line":14,"column":4},"end":{"line":14,"column":23}},"6":{"start":{"line":8,"column":0},"end":{"line":8,"column":16}},"7":{"start":{"line":34,"column":2},"end":{"line":40,"column":null}},"8":{"start":{"line":35,"column":4},"end":{"line":35,"column":null}},"9":{"start":{"line":35,"column":20},"end":{"line":35,"column":null}},"10":{"start":{"line":37,"column":14},"end":{"line":37,"column":32}},"11":{"start":{"line":38,"column":15},"end":{"line":38,"column":30}},"12":{"start":{"line":39,"column":4},"end":{"line":39,"column":27}},"13":{"start":{"line":33,"column":0},"end":{"line":33,"column":16}},"14":{"start":{"line":51,"column":2},"end":{"line":53,"column":null}},"15":{"start":{"line":52,"column":4},"end":{"line":52,"column":null}},"16":{"start":{"line":50,"column":0},"end":{"line":50,"column":16}},"17":{"start":{"line":71,"column":2},"end":{"line":78,"column":null}},"18":{"start":{"line":72,"column":4},"end":{"line":72,"column":null}},"19":{"start":{"line":72,"column":20},"end":{"line":72,"column":null}},"20":{"start":{"line":74,"column":14},"end":{"line":74,"column":32}},"21":{"start":{"line":75,"column":15},"end":{"line":75,"column":34}},"22":{"start":{"line":76,"column":16},"end":{"line":76,"column":28}},"23":{"start":{"line":77,"column":4},"end":{"line":77,"column":29}},"24":{"start":{"line":70,"column":0},"end":{"line":70,"column":16}},"25":{"start":{"line":96,"column":2},"end":{"line":102,"column":null}},"26":{"start":{"line":97,"column":4},"end":{"line":97,"column":null}},"27":{"start":{"line":97,"column":20},"end":{"line":97,"column":null}},"28":{"start":{"line":99,"column":14},"end":{"line":99,"column":32}},"29":{"start":{"line":100,"column":15},"end":{"line":100,"column":34}},"30":{"start":{"line":101,"column":4},"end":{"line":101,"column":27}},"31":{"start":{"line":95,"column":0},"end":{"line":95,"column":16}}},"fnMap":{"0":{"name":"deleteAt","decl":{"start":{"line":8,"column":16},"end":{"line":8,"column":24}},"loc":{"start":{"line":8,"column":38},"end":{"line":16,"column":1}}},"1":{"name":"(anonymous_1)","decl":{"start":{"line":9,"column":9},"end":{"line":9,"column":13}},"loc":{"start":{"line":9,"column":20},"end":{"line":15,"column":3}}},"2":{"name":"insertAt","decl":{"start":{"line":33,"column":16},"end":{"line":33,"column":24}},"loc":{"start":{"line":33,"column":47},"end":{"line":41,"column":1}}},"3":{"name":"(anonymous_3)","decl":{"start":{"line":34,"column":9},"end":{"line":34,"column":10}},"loc":{"start":{"line":34,"column":17},"end":{"line":40,"column":3}}},"4":{"name":"lookupAt","decl":{"start":{"line":50,"column":16},"end":{"line":50,"column":24}},"loc":{"start":{"line":50,"column":38},"end":{"line":54,"column":1}}},"5":{"name":"(anonymous_5)","decl":{"start":{"line":51,"column":9},"end":{"line":51,"column":13}},"loc":{"start":{"line":51,"column":20},"end":{"line":53,"column":3}}},"6":{"name":"modifyAt","decl":{"start":{"line":70,"column":16},"end":{"line":70,"column":24}},"loc":{"start":{"line":70,"column":57},"end":{"line":79,"column":1}}},"7":{"name":"(anonymous_7)","decl":{"start":{"line":71,"column":9},"end":{"line":71,"column":10}},"loc":{"start":{"line":71,"column":17},"end":{"line":78,"column":3}}},"8":{"name":"updateAt","decl":{"start":{"line":95,"column":16},"end":{"line":95,"column":24}},"loc":{"start":{"line":95,"column":47},"end":{"line":103,"column":1}}},"9":{"name":"(anonymous_9)","decl":{"start":{"line":96,"column":9},"end":{"line":96,"column":10}},"loc":{"start":{"line":96,"column":17},"end":{"line":102,"column":3}}}},"branchMap":{"0":{"loc":{"start":{"line":10,"column":4},"end":{"line":10,"column":null}},"type":"if","locations":[{"start":{"line":10,"column":4},"end":{"line":10,"column":null}},{"start":{"line":10,"column":4},"end":{"line":10,"column":null}}]},"1":{"loc":{"start":{"line":35,"column":4},"end":{"line":35,"column":null}},"type":"if","locations":[{"start":{"line":35,"column":4},"end":{"line":35,"column":null}},{"start":{"line":35,"column":4},"end":{"line":35,"column":null}}]},"2":{"loc":{"start":{"line":72,"column":4},"end":{"line":72,"column":null}},"type":"if","locations":[{"start":{"line":72,"column":4},"end":{"line":72,"column":null}},{"start":{"line":72,"column":4},"end":{"line":72,"column":null}}]},"3":{"loc":{"start":{"line":97,"column":4},"end":{"line":97,"column":null}},"type":"if","locations":[{"start":{"line":97,"column":4},"end":{"line":97,"column":null}},{"start":{"line":97,"column":4},"end":{"line":97,"column":null}}]}},"s":{"0":5,"1":5,"2":2,"3":3,"4":3,"5":3,"6":1,"7":5,"8":5,"9":2,"10":3,"11":3,"12":3,"13":1,"14":5,"15":5,"16":1,"17":4,"18":4,"19":2,"20":2,"21":2,"22":2,"23":2,"24":1,"25":4,"26":4,"27":2,"28":2,"29":2,"30":2,"31":1},"f":{"0":5,"1":5,"2":5,"3":5,"4":5,"5":5,"6":4,"7":4,"8":4,"9":4},"b":{"0":[2,3],"1":[2,3],"2":[2,2],"3":[2,2]}}
,"/Users/acd/Projects/utils/src/array/nativeArrayMethods.ts": {"path":"/Users/acd/Projects/utils/src/array/nativeArrayMethods.ts","statementMap":{"0":{"start":{"line":15,"column":2},"end":{"line":15,"column":null}},"1":{"start":{"line":15,"column":22},"end":{"line":15,"column":null}},"2":{"start":{"line":14,"column":0},"end":{"line":14,"column":16}},"3":{"start":{"line":26,"column":2},"end":{"line":26,"column":null}},"4":{"start":{"line":26,"column":22},"end":{"line":26,"column":null}},"5":{"start":{"line":25,"column":0},"end":{"line":25,"column":16}},"6":{"start":{"line":37,"column":2},"end":{"line":37,"column":null}},"7":{"start":{"line":37,"column":22},"end":{"line":37,"column":null}},"8":{"start":{"line":36,"column":0},"end":{"line":36,"column":16}},"9":{"start":{"line":48,"column":2},"end":{"line":48,"column":null}},"10":{"start":{"line":48,"column":22},"end":{"line":48,"column":null}},"11":{"start":{"line":47,"column":0},"end":{"line":47,"column":16}},"12":{"start":{"line":59,"column":2},"end":{"line":59,"column":null}},"13":{"start":{"line":59,"column":22},"end":{"line":59,"column":null}},"14":{"start":{"line":58,"column":0},"end":{"line":58,"column":16}},"15":{"start":{"line":70,"column":2},"end":{"line":70,"column":null}},"16":{"start":{"line":70,"column":22},"end":{"line":70,"column":null}},"17":{"start":{"line":69,"column":0},"end":{"line":69,"column":16}},"18":{"start":{"line":83,"column":2},"end":{"line":83,"column":null}},"19":{"start":{"line":83,"column":22},"end":{"line":83,"column":null}},"20":{"start":{"line":82,"column":0},"end":{"line":82,"column":16}},"21":{"start":{"line":94,"column":2},"end":{"line":94,"column":null}},"22":{"start":{"line":94,"column":22},"end":{"line":94,"column":null}},"23":{"start":{"line":93,"column":0},"end":{"line":93,"column":16}},"24":{"start":{"line":112,"column":2},"end":{"line":112,"column":null}},"25":{"start":{"line":112,"column":22},"end":{"line":112,"column":null}},"26":{"start":{"line":112,"column":46},"end":{"line":112,"column":59}},"27":{"start":{"line":111,"column":0},"end":{"line":111,"column":16}},"28":{"start":{"line":122,"column":13},"end":{"line":122,"column":23}},"29":{"start":{"line":124,"column":2},"end":{"line":124,"column":null}},"30":{"start":{"line":121,"column":0},"end":{"line":121,"column":16}},"31":{"start":{"line":135,"column":2},"end":{"line":135,"column":null}},"32":{"start":{"line":135,"column":22},"end":{"line":135,"column":null}},"33":{"start":{"line":134,"column":0},"end":{"line":134,"column":16}}},"fnMap":{"0":{"name":"concat","decl":{"start":{"line":14,"column":16},"end":{"line":14,"column":22}},"loc":{"start":{"line":14,"column":33},"end":{"line":16,"column":1}}},"1":{"name":"(anonymous_1)","decl":{"start":{"line":15,"column":9},"end":{"line":15,"column":10}},"loc":{"start":{"line":15,"column":17},"end":{"line":15,"column":24}}},"2":{"name":"every","decl":{"start":{"line":25,"column":16},"end":{"line":25,"column":21}},"loc":{"start":{"line":25,"column":53},"end":{"line":27,"column":1}}},"3":{"name":"(anonymous_3)","decl":{"start":{"line":26,"column":9},"end":{"line":26,"column":10}},"loc":{"start":{"line":26,"column":17},"end":{"line":26,"column":24}}},"4":{"name":"filter","decl":{"start":{"line":36,"column":16},"end":{"line":36,"column":22}},"loc":{"start":{"line":36,"column":46},"end":{"line":38,"column":1}}},"5":{"name":"(anonymous_5)","decl":{"start":{"line":37,"column":9},"end":{"line":37,"column":10}},"loc":{"start":{"line":37,"column":17},"end":{"line":37,"column":24}}},"6":{"name":"filterTypeGuard","decl":{"start":{"line":47,"column":16},"end":{"line":47,"column":31}},"loc":{"start":{"line":47,"column":67},"end":{"line":49,"column":1}}},"7":{"name":"(anonymous_7)","decl":{"start":{"line":48,"column":9},"end":{"line":48,"column":10}},"loc":{"start":{"line":48,"column":17},"end":{"line":48,"column":24}}},"8":{"name":"find","decl":{"start":{"line":58,"column":16},"end":{"line":58,"column":20}},"loc":{"start":{"line":58,"column":44},"end":{"line":60,"column":1}}},"9":{"name":"(anonymous_9)","decl":{"start":{"line":59,"column":9},"end":{"line":59,"column":10}},"loc":{"start":{"line":59,"column":17},"end":{"line":59,"column":24}}},"10":{"name":"findIndex","decl":{"start":{"line":69,"column":16},"end":{"line":69,"column":25}},"loc":{"start":{"line":69,"column":49},"end":{"line":71,"column":1}}},"11":{"name":"(anonymous_11)","decl":{"start":{"line":70,"column":9},"end":{"line":70,"column":10}},"loc":{"start":{"line":70,"column":17},"end":{"line":70,"column":24}}},"12":{"name":"includes","decl":{"start":{"line":82,"column":16},"end":{"line":82,"column":24}},"loc":{"start":{"line":82,"column":52},"end":{"line":84,"column":1}}},"13":{"name":"(anonymous_13)","decl":{"start":{"line":83,"column":9},"end":{"line":83,"column":10}},"loc":{"start":{"line":83,"column":17},"end":{"line":83,"column":24}}},"14":{"name":"map","decl":{"start":{"line":93,"column":16},"end":{"line":93,"column":19}},"loc":{"start":{"line":93,"column":40},"end":{"line":95,"column":1}}},"15":{"name":"(anonymous_15)","decl":{"start":{"line":94,"column":9},"end":{"line":94,"column":10}},"loc":{"start":{"line":94,"column":17},"end":{"line":94,"column":24}}},"16":{"name":"reduce","decl":{"start":{"line":111,"column":16},"end":{"line":111,"column":22}},"loc":{"start":{"line":111,"column":65},"end":{"line":113,"column":1}}},"17":{"name":"(anonymous_17)","decl":{"start":{"line":112,"column":9},"end":{"line":112,"column":10}},"loc":{"start":{"line":112,"column":17},"end":{"line":112,"column":24}}},"18":{"name":"(anonymous_18)","decl":{"start":{"line":112,"column":32},"end":{"line":112,"column":33}},"loc":{"start":{"line":112,"column":41},"end":{"line":112,"column":47}}},"19":{"name":"reverse","decl":{"start":{"line":121,"column":16},"end":{"line":121,"column":23}},"loc":{"start":{"line":121,"column":34},"end":{"line":125,"column":1}}},"20":{"name":"some","decl":{"start":{"line":134,"column":16},"end":{"line":134,"column":20}},"loc":{"start":{"line":134,"column":52},"end":{"line":136,"column":1}}},"21":{"name":"(anonymous_21)","decl":{"start":{"line":135,"column":9},"end":{"line":135,"column":10}},"loc":{"start":{"line":135,"column":17},"end":{"line":135,"column":24}}}},"branchMap":{},"s":{"0":0,"1":0,"2":0,"3":0,"4":0,"5":0,"6":0,"7":0,"8":0,"9":0,"10":0,"11":0,"12":0,"13":0,"14":0,"15":0,"16":0,"17":0,"18":0,"19":0,"20":0,"21":0,"22":0,"23":0,"24":0,"25":0,"26":0,"27":0,"28":0,"29":0,"30":0,"31":0,"32":0,"33":0},"f":{"0":0,"1":0,"2":0,"3":0,"4":0,"5":0,"6":0,"7":0,"8":0,"9":0,"10":0,"11":0,"12":0,"13":0,"14":0,"15":0,"16":0,"17":0,"18":0,"19":0,"20":0,"21":0},"b":{}}
,"/Users/acd/Projects/utils/src/function/function.ts": {"path":"/Users/acd/Projects/utils/src/function/function.ts","statementMap":{"0":{"start":{"line":6,"column":2},"end":{"line":6,"column":null}},"1":{"start":{"line":5,"column":0},"end":{"line":5,"column":16}},"2":{"start":{"line":23,"column":2},"end":{"line":27,"column":null}},"3":{"start":{"line":24,"column":4},"end":{"line":24,"column":null}},"4":{"start":{"line":26,"column":4},"end":{"line":26,"column":null}},"5":{"start":{"line":22,"column":0},"end":{"line":22,"column":16}}},"fnMap":{"0":{"name":"noop","decl":{"start":{"line":5,"column":16},"end":{"line":5,"column":20}},"loc":{"start":{"line":5,"column":20},"end":{"line":7,"column":1}}},"1":{"name":"tap","decl":{"start":{"line":22,"column":16},"end":{"line":22,"column":19}},"loc":{"start":{"line":22,"column":40},"end":{"line":28,"column":1}}},"2":{"name":"(anonymous_2)","decl":{"start":{"line":23,"column":9},"end":{"line":23,"column":10}},"loc":{"start":{"line":23,"column":14},"end":{"line":27,"column":3}}}},"branchMap":{},"s":{"0":1,"1":1,"2":1,"3":1,"4":1,"5":1},"f":{"0":1,"1":1,"2":1},"b":{}}
,"/Users/acd/Projects/utils/src/object/object.ts": {"path":"/Users/acd/Projects/utils/src/object/object.ts","statementMap":{"0":{"start":{"line":16,"column":13},"end":{"line":26,"column":null}},"1":{"start":{"line":16,"column":40},"end":{"line":16,"column":47}},"2":{"start":{"line":17,"column":14},"end":{"line":17,"column":64}},"3":{"start":{"line":19,"column":2},"end":{"line":23,"column":null}},"4":{"start":{"line":20,"column":4},"end":{"line":22,"column":null}},"5":{"start":{"line":21,"column":6},"end":{"line":21,"column":null}},"6":{"start":{"line":25,"column":2},"end":{"line":25,"column":null}},"7":{"start":{"line":44,"column":2},"end":{"line":44,"column":null}},"8":{"start":{"line":43,"column":0},"end":{"line":43,"column":16}}},"fnMap":{"0":{"name":"(anonymous_0)","decl":{"start":{"line":16,"column":34},"end":{"line":16,"column":35}},"loc":{"start":{"line":16,"column":38},"end":{"line":26,"column":1}}},"1":{"name":"objectKeys","decl":{"start":{"line":43,"column":16},"end":{"line":43,"column":26}},"loc":{"start":{"line":43,"column":36},"end":{"line":45,"column":1}}}},"branchMap":{"0":{"loc":{"start":{"line":20,"column":4},"end":{"line":22,"column":null}},"type":"if","locations":[{"start":{"line":20,"column":4},"end":{"line":22,"column":null}},{"start":{"line":20,"column":4},"end":{"line":22,"column":null}}]}},"s":{"0":1,"1":6,"2":2,"3":2,"4":4,"5":2,"6":2,"7":0,"8":1},"f":{"0":2,"1":0},"b":{"0":[2,2]}}
,"/Users/acd/Projects/utils/src/predicate/predicate.ts": {"path":"/Users/acd/Projects/utils/src/predicate/predicate.ts","statementMap":{"0":{"start":{"line":6,"column":2},"end":{"line":6,"column":null}},"1":{"start":{"line":5,"column":0},"end":{"line":5,"column":16}},"2":{"start":{"line":17,"column":2},"end":{"line":17,"column":null}},"3":{"start":{"line":17,"column":18},"end":{"line":17,"column":null}},"4":{"start":{"line":18,"column":2},"end":{"line":18,"column":null}},"5":{"start":{"line":18,"column":19},"end":{"line":18,"column":null}},"6":{"start":{"line":19,"column":2},"end":{"line":19,"column":null}},"7":{"start":{"line":19,"column":29},"end":{"line":19,"column":null}},"8":{"start":{"line":20,"column":2},"end":{"line":21,"column":null}},"9":{"start":{"line":20,"column":55},"end":{"line":20,"column":null}},"10":{"start":{"line":21,"column":7},"end":{"line":21,"column":null}},"11":{"start":{"line":16,"column":0},"end":{"line":16,"column":16}},"12":{"start":{"line":29,"column":2},"end":{"line":29,"column":null}},"13":{"start":{"line":29,"column":24},"end":{"line":29,"column":null}},"14":{"start":{"line":28,"column":0},"end":{"line":28,"column":16}},"15":{"start":{"line":40,"column":2},"end":{"line":40,"column":null}},"16":{"start":{"line":48,"column":2},"end":{"line":48,"column":null}}},"fnMap":{"0":{"name":"isDefined","decl":{"start":{"line":5,"column":16},"end":{"line":5,"column":25}},"loc":{"start":{"line":5,"column":33},"end":{"line":7,"column":1}}},"1":{"name":"isEmpty","decl":{"start":{"line":16,"column":16},"end":{"line":16,"column":23}},"loc":{"start":{"line":16,"column":31},"end":{"line":22,"column":1}}},"2":{"name":"hasKey","decl":{"start":{"line":28,"column":16},"end":{"line":28,"column":22}},"loc":{"start":{"line":28,"column":32},"end":{"line":30,"column":1}}},"3":{"name":"(anonymous_3)","decl":{"start":{"line":29,"column":9},"end":{"line":29,"column":10}},"loc":{"start":{"line":29,"column":19},"end":{"line":29,"column":25}}},"4":{"name":"isArray","decl":{"start":{"line":39,"column":9},"end":{"line":39,"column":16}},"loc":{"start":{"line":39,"column":23},"end":{"line":41,"column":1}}},"5":{"name":"isObject","decl":{"start":{"line":47,"column":9},"end":{"line":47,"column":17}},"loc":{"start":{"line":47,"column":24},"end":{"line":49,"column":1}}}},"branchMap":{"0":{"loc":{"start":{"line":6,"column":11},"end":{"line":6,"column":26}},"type":"binary-expr","locations":[{"start":{"line":6,"column":11},"end":{"line":6,"column":26}},{"start":{"line":6,"column":30},"end":{"line":6,"column":40}}]},"1":{"loc":{"start":{"line":17,"column":2},"end":{"line":17,"column":null}},"type":"if","locations":[{"start":{"line":17,"column":2},"end":{"line":17,"column":null}},{"start":{"line":17,"column":2},"end":{"line":17,"column":null}}]},"2":{"loc":{"start":{"line":18,"column":2},"end":{"line":18,"column":null}},"type":"if","locations":[{"start":{"line":18,"column":2},"end":{"line":18,"column":null}},{"start":{"line":18,"column":2},"end":{"line":18,"column":null}}]},"3":{"loc":{"start":{"line":19,"column":2},"end":{"line":19,"column":null}},"type":"if","locations":[{"start":{"line":19,"column":2},"end":{"line":19,"column":null}},{"start":{"line":19,"column":2},"end":{"line":19,"column":null}}]},"4":{"loc":{"start":{"line":20,"column":2},"end":{"line":21,"column":null}},"type":"if","locations":[{"start":{"line":20,"column":2},"end":{"line":21,"column":null}},{"start":{"line":20,"column":2},"end":{"line":21,"column":null}}]},"5":{"loc":{"start":{"line":20,"column":6},"end":{"line":20,"column":27}},"type":"binary-expr","locations":[{"start":{"line":20,"column":6},"end":{"line":20,"column":27}},{"start":{"line":20,"column":31},"end":{"line":20,"column":53}}]},"6":{"loc":{"start":{"line":40,"column":9},"end":{"line":40,"column":12}},"type":"binary-expr","locations":[{"start":{"line":40,"column":9},"end":{"line":40,"column":12}},{"start":{"line":40,"column":16},"end":{"line":40,"column":39}}]},"7":{"loc":{"start":{"line":48,"column":9},"end":{"line":48,"column":12}},"type":"binary-expr","locations":[{"start":{"line":48,"column":9},"end":{"line":48,"column":12}},{"start":{"line":48,"column":16},"end":{"line":48,"column":40}}]}},"s":{"0":9,"1":1,"2":13,"3":2,"4":11,"5":2,"6":9,"7":2,"8":7,"9":5,"10":2,"11":1,"12":2,"13":2,"14":1,"15":13,"16":11},"f":{"0":9,"1":13,"2":2,"3":2,"4":13,"5":11},"b":{"0":[9,8],"1":[2,11],"2":[2,9],"3":[2,7],"4":[5,2],"5":[7,4],"6":[13,8],"7":[11,6]}}
}
