TN:
SF:/Users/acd/Projects/utils/src/array/array.ts
FN:13,append
FN:14,(anonymous_1)
FN:28,compact
FN:29,(anonymous_3)
FN:50,difference
FN:51,(anonymous_5)
FN:54,(anonymous_6)
FN:76,differenceBy
FN:77,(anonymous_8)
FN:80,(anonymous_9)
FN:96,drop
FN:97,(anonymous_11)
FN:112,dropRight
FN:113,(anonymous_13)
FN:121,flatten
FN:141,groupBy
FN:142,(anonymous_16)
FN:144,(anonymous_17)
FN:154,head
FN:173,intersection
FN:174,(anonymous_20)
FN:177,(anonymous_21)
FN:198,intersectionBy
FN:202,(anonymous_23)
FN:205,(anonymous_24)
FN:214,last
FN:234,nestedMap
FN:235,(anonymous_27)
FN:250,prepend
FN:251,(anonymous_29)
FN:272,prependAll
FN:273,(anonymous_31)
FN:287,range
FN:289,(anonymous_33)
FN:309,sortBy
FN:310,(anonymous_35)
FN:313,(anonymous_36)
FN:338,take
FN:339,(anonymous_38)
FN:354,takeRight
FN:355,(anonymous_40)
FN:363,uniq
FN:380,uniqBy
FN:381,(anonymous_43)
FN:413,zipWih
FN:414,(anonymous_45)
FNF:46
FNH:46
FNDA:3,append
FNDA:3,(anonymous_1)
FNDA:3,compact
FNDA:20,(anonymous_3)
FNDA:4,difference
FNDA:4,(anonymous_5)
FNDA:21,(anonymous_6)
FNDA:4,differenceBy
FNDA:4,(anonymous_8)
FNDA:24,(anonymous_9)
FNDA:4,drop
FNDA:4,(anonymous_11)
FNDA:4,dropRight
FNDA:4,(anonymous_13)
FNDA:3,flatten
FNDA:3,groupBy
FNDA:3,(anonymous_16)
FNDA:14,(anonymous_17)
FNDA:2,head
FNDA:4,intersection
FNDA:4,(anonymous_20)
FNDA:21,(anonymous_21)
FNDA:4,intersectionBy
FNDA:4,(anonymous_23)
FNDA:24,(anonymous_24)
FNDA:2,last
FNDA:5,nestedMap
FNDA:5,(anonymous_27)
FNDA:3,prepend
FNDA:3,(anonymous_29)
FNDA:3,prependAll
FNDA:3,(anonymous_31)
FNDA:14,range
FNDA:32,(anonymous_33)
FNDA:3,sortBy
FNDA:3,(anonymous_35)
FNDA:42,(anonymous_36)
FNDA:4,take
FNDA:4,(anonymous_38)
FNDA:4,takeRight
FNDA:4,(anonymous_40)
FNDA:4,uniq
FNDA:3,uniqBy
FNDA:3,(anonymous_43)
FNDA:3,zipWih
FNDA:3,(anonymous_45)
DA:13,1
DA:14,3
DA:15,3
DA:16,3
DA:18,3
DA:28,1
DA:29,3
DA:30,20
DA:31,19
DA:50,1
DA:51,4
DA:52,4
DA:54,21
DA:76,1
DA:77,4
DA:78,4
DA:80,24
DA:96,1
DA:97,4
DA:112,1
DA:113,4
DA:121,1
DA:122,3
DA:141,1
DA:142,3
DA:143,3
DA:144,28
DA:154,1
DA:155,2
DA:173,1
DA:174,4
DA:175,4
DA:177,21
DA:198,1
DA:202,4
DA:203,4
DA:205,24
DA:214,1
DA:215,2
DA:234,1
DA:235,5
DA:250,1
DA:251,3
DA:252,3
DA:253,3
DA:255,3
DA:272,1
DA:273,3
DA:287,1
DA:288,14
DA:289,32
DA:309,1
DA:310,3
DA:311,3
DA:313,3
DA:314,42
DA:315,86
DA:317,43
DA:318,23
DA:321,0
DA:338,1
DA:339,4
DA:354,1
DA:355,4
DA:363,1
DA:364,4
DA:380,1
DA:381,3
DA:382,3
DA:384,3
DA:385,3
DA:386,14
DA:387,14
DA:388,8
DA:389,8
DA:393,3
DA:413,1
DA:414,3
DA:415,3
DA:416,3
DA:417,3
DA:418,8
DA:420,3
LF:83
LH:82
BRDA:30,0,0,1
BRDA:30,0,1,19
BRDA:30,1,0,20
BRDA:30,1,1,9
BRDA:97,2,0,1
BRDA:97,2,1,3
BRDA:113,3,0,2
BRDA:113,3,1,2
BRDA:144,4,0,14
BRDA:144,4,1,0
BRDA:144,5,0,14
BRDA:144,5,1,13
BRDA:288,6,0,5
BRDA:288,6,1,9
BRDA:288,7,0,14
BRDA:288,7,1,11
BRDA:315,8,0,35
BRDA:315,8,1,8
BRDA:317,9,0,20
BRDA:317,9,1,23
BRDA:317,10,0,0
BRDA:317,10,1,20
BRDA:318,11,0,22
BRDA:318,11,1,1
BRDA:318,12,0,8
BRDA:318,12,1,14
BRDA:339,13,0,1
BRDA:339,13,1,3
BRDA:355,14,0,2
BRDA:355,14,1,2
BRDA:355,15,0,4
BRDA:355,15,1,3
BRDA:387,16,0,8
BRDA:387,16,1,6
BRF:34
BRH:32
end_of_record
TN:
SF:/Users/acd/Projects/utils/src/array/crudArrayMethods.ts
FN:8,deleteAt
FN:9,(anonymous_1)
FN:33,insertAt
FN:34,(anonymous_3)
FN:50,lookupAt
FN:51,(anonymous_5)
FN:70,modifyAt
FN:71,(anonymous_7)
FN:95,updateAt
FN:96,(anonymous_9)
FNF:10
FNH:10
FNDA:5,deleteAt
FNDA:5,(anonymous_1)
FNDA:5,insertAt
FNDA:5,(anonymous_3)
FNDA:5,lookupAt
FNDA:5,(anonymous_5)
FNDA:4,modifyAt
FNDA:4,(anonymous_7)
FNDA:4,updateAt
FNDA:4,(anonymous_9)
DA:8,1
DA:9,5
DA:10,5
DA:12,3
DA:13,3
DA:14,3
DA:33,1
DA:34,5
DA:35,5
DA:37,3
DA:38,3
DA:39,3
DA:50,1
DA:51,5
DA:52,5
DA:70,1
DA:71,4
DA:72,4
DA:74,2
DA:75,2
DA:76,2
DA:77,2
DA:95,1
DA:96,4
DA:97,4
DA:99,2
DA:100,2
DA:101,2
LF:28
LH:28
BRDA:10,0,0,2
BRDA:10,0,1,3
BRDA:35,1,0,2
BRDA:35,1,1,3
BRDA:72,2,0,2
BRDA:72,2,1,2
BRDA:97,3,0,2
BRDA:97,3,1,2
BRF:8
BRH:8
end_of_record
TN:
SF:/Users/acd/Projects/utils/src/array/nativeArrayMethods.ts
FN:14,concat
FN:15,(anonymous_1)
FN:25,every
FN:26,(anonymous_3)
FN:36,filter
FN:37,(anonymous_5)
FN:47,filterTypeGuard
FN:48,(anonymous_7)
FN:58,find
FN:59,(anonymous_9)
FN:69,findIndex
FN:70,(anonymous_11)
FN:82,includes
FN:83,(anonymous_13)
FN:93,map
FN:94,(anonymous_15)
FN:111,reduce
FN:112,(anonymous_17)
FN:112,(anonymous_18)
FN:121,reverse
FN:134,some
FN:135,(anonymous_21)
FNF:22
FNH:0
FNDA:0,concat
FNDA:0,(anonymous_1)
FNDA:0,every
FNDA:0,(anonymous_3)
FNDA:0,filter
FNDA:0,(anonymous_5)
FNDA:0,filterTypeGuard
FNDA:0,(anonymous_7)
FNDA:0,find
FNDA:0,(anonymous_9)
FNDA:0,findIndex
FNDA:0,(anonymous_11)
FNDA:0,includes
FNDA:0,(anonymous_13)
FNDA:0,map
FNDA:0,(anonymous_15)
FNDA:0,reduce
FNDA:0,(anonymous_17)
FNDA:0,(anonymous_18)
FNDA:0,reverse
FNDA:0,some
FNDA:0,(anonymous_21)
DA:14,0
DA:15,0
DA:25,0
DA:26,0
DA:36,0
DA:37,0
DA:47,0
DA:48,0
DA:58,0
DA:59,0
DA:69,0
DA:70,0
DA:82,0
DA:83,0
DA:93,0
DA:94,0
DA:111,0
DA:112,0
DA:121,0
DA:122,0
DA:124,0
DA:134,0
DA:135,0
LF:23
LH:0
BRF:0
BRH:0
end_of_record
TN:
SF:/Users/acd/Projects/utils/src/function/function.ts
FN:5,noop
FN:22,tap
FN:23,(anonymous_2)
FNF:3
FNH:3
FNDA:1,noop
FNDA:1,tap
FNDA:1,(anonymous_2)
DA:5,1
DA:6,1
DA:22,1
DA:23,1
DA:24,1
DA:26,1
LF:6
LH:6
BRF:0
BRH:0
end_of_record
TN:
SF:/Users/acd/Projects/utils/src/object/object.ts
FN:16,(anonymous_0)
FN:43,objectKeys
FNF:2
FNH:1
FNDA:2,(anonymous_0)
FNDA:0,objectKeys
DA:16,6
DA:17,2
DA:19,2
DA:20,4
DA:21,2
DA:25,2
DA:43,1
DA:44,0
LF:8
LH:7
BRDA:20,0,0,2
BRDA:20,0,1,2
BRF:2
BRH:2
end_of_record
TN:
SF:/Users/acd/Projects/utils/src/predicate/predicate.ts
FN:5,isDefined
FN:16,isEmpty
FN:28,hasKey
FN:29,(anonymous_3)
FN:39,isArray
FN:47,isObject
FNF:6
FNH:6
FNDA:9,isDefined
FNDA:13,isEmpty
FNDA:2,hasKey
FNDA:2,(anonymous_3)
FNDA:13,isArray
FNDA:11,isObject
DA:5,1
DA:6,9
DA:16,1
DA:17,13
DA:18,11
DA:19,9
DA:20,7
DA:21,2
DA:28,1
DA:29,2
DA:40,13
DA:48,11
LF:12
LH:12
BRDA:6,0,0,9
BRDA:6,0,1,8
BRDA:17,1,0,2
BRDA:17,1,1,11
BRDA:18,2,0,2
BRDA:18,2,1,9
BRDA:19,3,0,2
BRDA:19,3,1,7
BRDA:20,4,0,5
BRDA:20,4,1,2
BRDA:20,5,0,7
BRDA:20,5,1,4
BRDA:40,6,0,13
BRDA:40,6,1,8
BRDA:48,7,0,11
BRDA:48,7,1,6
BRF:16
BRH:16
end_of_record
