TN:
SF:/Users/acd/Projects/utils/src/result/result.ts
FN:23,err
FN:27,ok
FN:31,isErr
FN:64,result
FN:67,fold
FNF:5
FNH:5
FNDA:1,err
FNDA:1,ok
FNDA:2,isErr
FNDA:2,result
FNDA:2,fold
DA:23,1
DA:24,1
DA:27,1
DA:28,1
DA:32,2
DA:34,1
DA:36,1
DA:64,1
DA:65,2
DA:68,2
DA:69,1
DA:72,2
DA:74,2
LF:13
LH:13
BRDA:33,0,0,1
BRDA:33,0,1,1
BRDA:68,1,0,1
BRDA:68,1,1,1
BRF:4
BRH:4
end_of_record
TN:
SF:/Users/acd/Projects/utils/src/when/when.ts
FN:40,when
FN:43,isNone
FN:47,map
FN:52,filter
FN:57,getOrElse
FN:62,fold
FN:67,get
FN:171,whenAll
FN:172,(anonymous_8)
FNF:9
FNH:9
FNDA:62,when
FNDA:52,isNone
FNDA:29,map
FNDA:13,filter
FNDA:3,getOrElse
FNDA:7,fold
FNDA:10,get
FNDA:4,whenAll
FNDA:14,(anonymous_8)
DA:40,1
DA:41,62
DA:44,52
DA:48,29
DA:49,18
DA:53,13
DA:54,8
DA:58,3
DA:59,1
DA:63,7
DA:64,3
DA:68,10
DA:71,62
DA:72,62
DA:73,62
DA:74,62
DA:75,62
DA:77,62
DA:171,1
DA:172,14
LF:20
LH:20
BRDA:44,0,0,52
BRDA:44,0,1,32
BRDA:48,1,0,11
BRDA:48,1,1,18
BRDA:53,2,0,5
BRDA:53,2,1,8
BRDA:53,3,0,13
BRDA:53,3,1,10
BRDA:58,4,0,2
BRDA:58,4,1,1
BRDA:63,5,0,4
BRDA:63,5,1,3
BRDA:173,6,0,2
BRDA:173,6,1,2
BRDA:172,7,0,14
BRDA:172,7,1,12
BRF:16
BRH:16
end_of_record
